<?xml version="1.0" encoding="UTF-8"?>
<Site BuildName="Win32-mingw32-make"
	BuildStamp="20211202-1913-Experimental"
	Name="LAPTOP-9R2AUQJN"
	Generator="ctest-3.19.8"
	CompilerName="C:/Program Files/mingw-w64/x86_64-8.1.0-posix-seh-rt_v6-rev0/mingw64/bin/x86_64-w64-mingw32-g++.exe"
	CompilerVersion="8.1.0"
	OSName="Windows"
	Hostname="LAPTOP-9R2AUQJN"
	OSRelease=" Professional"
	OSVersion=" (Build 19042)"
	OSPlatform="AMD64"
	Is64Bits="1"
	VendorString="GenuineIntel"
	VendorID="Intel Corporation"
	FamilyID="6"
	ModelID="14"
	ProcessorCacheSize="-1"
	NumberOfLogicalCPU="8"
	NumberOfPhysicalCPU="4"
	TotalVirtualMemory="18584"
	TotalPhysicalMemory="16152"
	LogicalProcessorsPerPhysical="2"
	ProcessorClockFrequency="1800"
	>
	<Testing>
		<StartDateTime>Dec 02 20:13 W. Europe Standard Time</StartDateTime>
		<StartTestTime>1638472425</StartTestTime>
		<TestList/>
		<EndDateTime>Dec 02 20:13 W. Europe Standard Time</EndDateTime>
		<EndTestTime>1638472425</EndTestTime>
		<ElapsedMinutes>0</ElapsedMinutes>
	</Testing>
</Site>
